Starting: 14:21:25
Starting: 14:21:25
Starting: 14:21:25
Starting: 14:21:25
Starting: 14:21:25
Starting: 14:21:25
Starting: 14:21:25
Starting: 14:21:25
Starting: 14:21:25
Starting: 14:21:25
/home/mcnab/network/lib/python3.9/site-packages/grlp/grlp.py:651: RuntimeWarning: divide by zero encountered in divide
  -1/self.dx_ext[0][1:]) ) \
/home/mcnab/network/lib/python3.9/site-packages/grlp/grlp.py:654: RuntimeWarning: divide by zero encountered in divide
  * ( (7/3.)/self.dx_ext[0][1:] # REALLY?
/home/mcnab/network/lib/python3.9/site-packages/grlp/grlp.py:437: RuntimeWarning: divide by zero encountered in scalar divide
  7/3. * ( 1/(self.x_ext[0][-1] - self.x_ext[0][-2]) )
/home/mcnab/network/lib/python3.9/site-packages/grlp/grlp.py:436: RuntimeWarning: invalid value encountered in scalar multiply
  self.bcr = self.z_bl * self.C1[-1] / self.dx_ext_2cell[0][-1] * (
/home/mcnab/network/lib/python3.9/site-packages/scipy/sparse/linalg/_dsolve/linsolve.py:293: MatrixRankWarning: Matrix is exactly singular
  warn("Matrix is exactly singular", MatrixRankWarning)
/home/mcnab/network/lib/python3.9/site-packages/grlp/grlp.py:651: RuntimeWarning: divide by zero encountered in divide
  -1/self.dx_ext[0][1:]) ) \
/home/mcnab/network/lib/python3.9/site-packages/grlp/grlp.py:654: RuntimeWarning: divide by zero encountered in divide
  * ( (7/3.)/self.dx_ext[0][1:] # REALLY?
/home/mcnab/network/lib/python3.9/site-packages/grlp/grlp.py:437: RuntimeWarning: divide by zero encountered in scalar divide
  7/3. * ( 1/(self.x_ext[0][-1] - self.x_ext[0][-2]) )
/home/mcnab/network/lib/python3.9/site-packages/grlp/grlp.py:436: RuntimeWarning: invalid value encountered in scalar multiply
  self.bcr = self.z_bl * self.C1[-1] / self.dx_ext_2cell[0][-1] * (
/home/mcnab/network/lib/python3.9/site-packages/scipy/sparse/linalg/_dsolve/linsolve.py:293: MatrixRankWarning: Matrix is exactly singular
  warn("Matrix is exactly singular", MatrixRankWarning)
/home/mcnab/network/lib/python3.9/site-packages/grlp/grlp.py:651: RuntimeWarning: divide by zero encountered in divide
  -1/self.dx_ext[0][1:]) ) \
/home/mcnab/network/lib/python3.9/site-packages/grlp/grlp.py:654: RuntimeWarning: divide by zero encountered in divide
  * ( (7/3.)/self.dx_ext[0][1:] # REALLY?
/home/mcnab/network/lib/python3.9/site-packages/grlp/grlp.py:437: RuntimeWarning: divide by zero encountered in scalar divide
  7/3. * ( 1/(self.x_ext[0][-1] - self.x_ext[0][-2]) )
/home/mcnab/network/lib/python3.9/site-packages/grlp/grlp.py:436: RuntimeWarning: invalid value encountered in scalar multiply
  self.bcr = self.z_bl * self.C1[-1] / self.dx_ext_2cell[0][-1] * (
/home/mcnab/network/lib/python3.9/site-packages/scipy/sparse/linalg/_dsolve/linsolve.py:293: MatrixRankWarning: Matrix is exactly singular
  warn("Matrix is exactly singular", MatrixRankWarning)
/home/mcnab/network/lib/python3.9/site-packages/grlp/grlp.py:651: RuntimeWarning: divide by zero encountered in divide
  -1/self.dx_ext[0][1:]) ) \
/home/mcnab/network/lib/python3.9/site-packages/grlp/grlp.py:654: RuntimeWarning: divide by zero encountered in divide
  * ( (7/3.)/self.dx_ext[0][1:] # REALLY?
/home/mcnab/network/lib/python3.9/site-packages/grlp/grlp.py:437: RuntimeWarning: divide by zero encountered in scalar divide
  7/3. * ( 1/(self.x_ext[0][-1] - self.x_ext[0][-2]) )
/home/mcnab/network/lib/python3.9/site-packages/grlp/grlp.py:436: RuntimeWarning: invalid value encountered in scalar multiply
  self.bcr = self.z_bl * self.C1[-1] / self.dx_ext_2cell[0][-1] * (
/home/mcnab/network/lib/python3.9/site-packages/scipy/sparse/linalg/_dsolve/linsolve.py:293: MatrixRankWarning: Matrix is exactly singular
  warn("Matrix is exactly singular", MatrixRankWarning)
/home/mcnab/network/lib/python3.9/site-packages/grlp/grlp.py:651: RuntimeWarning: divide by zero encountered in divide
  -1/self.dx_ext[0][1:]) ) \
/home/mcnab/network/lib/python3.9/site-packages/grlp/grlp.py:654: RuntimeWarning: divide by zero encountered in divide
  * ( (7/3.)/self.dx_ext[0][1:] # REALLY?
/home/mcnab/network/lib/python3.9/site-packages/grlp/grlp.py:437: RuntimeWarning: divide by zero encountered in scalar divide
  7/3. * ( 1/(self.x_ext[0][-1] - self.x_ext[0][-2]) )
/home/mcnab/network/lib/python3.9/site-packages/grlp/grlp.py:436: RuntimeWarning: invalid value encountered in scalar multiply
  self.bcr = self.z_bl * self.C1[-1] / self.dx_ext_2cell[0][-1] * (
/home/mcnab/network/lib/python3.9/site-packages/scipy/sparse/linalg/_dsolve/linsolve.py:293: MatrixRankWarning: Matrix is exactly singular
  warn("Matrix is exactly singular", MatrixRankWarning)
/home/mcnab/network/lib/python3.9/site-packages/grlp/grlp.py:651: RuntimeWarning: divide by zero encountered in divide
  -1/self.dx_ext[0][1:]) ) \
/home/mcnab/network/lib/python3.9/site-packages/grlp/grlp.py:654: RuntimeWarning: divide by zero encountered in divide
  * ( (7/3.)/self.dx_ext[0][1:] # REALLY?
/home/mcnab/network/lib/python3.9/site-packages/grlp/grlp.py:437: RuntimeWarning: divide by zero encountered in scalar divide
  7/3. * ( 1/(self.x_ext[0][-1] - self.x_ext[0][-2]) )
/home/mcnab/network/lib/python3.9/site-packages/grlp/grlp.py:436: RuntimeWarning: invalid value encountered in scalar multiply
  self.bcr = self.z_bl * self.C1[-1] / self.dx_ext_2cell[0][-1] * (
/home/mcnab/network/lib/python3.9/site-packages/scipy/sparse/linalg/_dsolve/linsolve.py:293: MatrixRankWarning: Matrix is exactly singular
  warn("Matrix is exactly singular", MatrixRankWarning)
/home/mcnab/network/lib/python3.9/site-packages/grlp/grlp.py:651: RuntimeWarning: divide by zero encountered in divide
  -1/self.dx_ext[0][1:]) ) \
/home/mcnab/network/lib/python3.9/site-packages/grlp/grlp.py:654: RuntimeWarning: divide by zero encountered in divide
  * ( (7/3.)/self.dx_ext[0][1:] # REALLY?
/home/mcnab/network/lib/python3.9/site-packages/grlp/grlp.py:437: RuntimeWarning: divide by zero encountered in scalar divide
  7/3. * ( 1/(self.x_ext[0][-1] - self.x_ext[0][-2]) )
/home/mcnab/network/lib/python3.9/site-packages/grlp/grlp.py:436: RuntimeWarning: invalid value encountered in scalar multiply
  self.bcr = self.z_bl * self.C1[-1] / self.dx_ext_2cell[0][-1] * (
/home/mcnab/network/lib/python3.9/site-packages/scipy/sparse/linalg/_dsolve/linsolve.py:293: MatrixRankWarning: Matrix is exactly singular
  warn("Matrix is exactly singular", MatrixRankWarning)
/home/mcnab/network/lib/python3.9/site-packages/grlp/grlp.py:651: RuntimeWarning: divide by zero encountered in divide
  -1/self.dx_ext[0][1:]) ) \
/home/mcnab/network/lib/python3.9/site-packages/grlp/grlp.py:654: RuntimeWarning: divide by zero encountered in divide
  * ( (7/3.)/self.dx_ext[0][1:] # REALLY?
/home/mcnab/network/lib/python3.9/site-packages/grlp/grlp.py:437: RuntimeWarning: divide by zero encountered in scalar divide
  7/3. * ( 1/(self.x_ext[0][-1] - self.x_ext[0][-2]) )
/home/mcnab/network/lib/python3.9/site-packages/grlp/grlp.py:436: RuntimeWarning: invalid value encountered in scalar multiply
  self.bcr = self.z_bl * self.C1[-1] / self.dx_ext_2cell[0][-1] * (
/home/mcnab/network/lib/python3.9/site-packages/scipy/sparse/linalg/_dsolve/linsolve.py:293: MatrixRankWarning: Matrix is exactly singular
  warn("Matrix is exactly singular", MatrixRankWarning)
/home/mcnab/network/lib/python3.9/site-packages/grlp/grlp.py:651: RuntimeWarning: divide by zero encountered in divide
  -1/self.dx_ext[0][1:]) ) \
/home/mcnab/network/lib/python3.9/site-packages/grlp/grlp.py:654: RuntimeWarning: divide by zero encountered in divide
  * ( (7/3.)/self.dx_ext[0][1:] # REALLY?
/home/mcnab/network/lib/python3.9/site-packages/grlp/grlp.py:437: RuntimeWarning: divide by zero encountered in scalar divide
  7/3. * ( 1/(self.x_ext[0][-1] - self.x_ext[0][-2]) )
/home/mcnab/network/lib/python3.9/site-packages/grlp/grlp.py:436: RuntimeWarning: invalid value encountered in scalar multiply
  self.bcr = self.z_bl * self.C1[-1] / self.dx_ext_2cell[0][-1] * (
/home/mcnab/network/lib/python3.9/site-packages/scipy/sparse/linalg/_dsolve/linsolve.py:293: MatrixRankWarning: Matrix is exactly singular
  warn("Matrix is exactly singular", MatrixRankWarning)
/home/mcnab/network/lib/python3.9/site-packages/grlp/grlp.py:651: RuntimeWarning: divide by zero encountered in divide
  -1/self.dx_ext[0][1:]) ) \
/home/mcnab/network/lib/python3.9/site-packages/grlp/grlp.py:654: RuntimeWarning: divide by zero encountered in divide
  * ( (7/3.)/self.dx_ext[0][1:] # REALLY?
/home/mcnab/network/lib/python3.9/site-packages/grlp/grlp.py:437: RuntimeWarning: divide by zero encountered in scalar divide
  7/3. * ( 1/(self.x_ext[0][-1] - self.x_ext[0][-2]) )
/home/mcnab/network/lib/python3.9/site-packages/grlp/grlp.py:436: RuntimeWarning: invalid value encountered in scalar multiply
  self.bcr = self.z_bl * self.C1[-1] / self.dx_ext_2cell[0][-1] * (
/home/mcnab/network/lib/python3.9/site-packages/scipy/sparse/linalg/_dsolve/linsolve.py:293: MatrixRankWarning: Matrix is exactly singular
  warn("Matrix is exactly singular", MatrixRankWarning)
Working on network 218.
15410226809.354073
154102268093.5407
1541022680935.4072
15410226809354.072
154102268093540.72
Working on network 219.
6977790163.90627
69777901639.06268
697779016390.627
6977790163906.27
69777901639062.695
Working on network 224.
5588097047.0543375
55880970470.543365
558809704705.4337
5588097047054.337
55880970470543.375
Working on network 225.
12029213271.271452
120292132712.71452
1202921327127.1453
12029213271271.453
120292132712714.53
Working on network 200.
8492707870.137677
84927078701.37677
849270787013.7677
8492707870137.677
84927078701376.77
Working on network 201.
4049174971.957793
40491749719.57793
404917497195.7793
4049174971957.793
40491749719577.93
Working on network 232.
9360934548.565578
93609345485.65578
936093454856.5579
9360934548565.578
93609345485655.78
Working on network 233.
11982225161.315245
119822251613.15244
1198222516131.5244
11982225161315.244
119822251613152.44
Working on network 216.
7166610547.599713
71666105475.99713
716661054759.9713
7166610547599.713
71666105475997.12
Working on network 217.
8106346602.269967
81063466022.69966
810634660226.9967
8106346602269.967
81063466022699.67
Working on network 230.
5688041603.6647625
56880416036.64761
568804160366.4762
5688041603664.762
56880416036647.62
Working on network 231.
12536962650.680168
125369626506.80168
1253696265068.0168
12536962650680.168
125369626506801.69
Working on network 208.
11441225163.591253
114412251635.91252
1144122516359.1252
11441225163591.252
114412251635912.53
Working on network 209.
8578562023.653833
85785620236.53833
857856202365.3833
8578562023653.833
85785620236538.33
Working on network 236.
4796610248.195464
47966102481.954636
479661024819.5464
4796610248195.464
47966102481954.64
Working on network 237.
7897479056.6774025
78974790566.77402
789747905667.7402
7897479056677.402
78974790566774.03
Working on network 212.
8023428320.167568
80234283201.67567
802342832016.7568
8023428320167.568
80234283201675.69
Working on network 213.
7969336212.462689
79693362124.62689
796933621246.2689
7969336212462.689
79693362124626.89
Working on network 238.
8372056291.439779
83720562914.39778
837205629143.9779
8372056291439.779
83720562914397.8
Working on network 239.
18575942737.24759
185759427372.47586
1857594273724.7588
18575942737247.586
185759427372475.88
Working on network 206.
6397538326.459324
63975383264.59323
639753832645.9324
6397538326459.324
63975383264593.234
Working on network 207.
10399217126.788336
103992171267.88335
1039921712678.8335
10399217126788.336
103992171267883.34
Working on network 222.
7613973278.76228
76139732787.6228
761397327876.228
7613973278762.28
76139732787622.8
Working on network 223.
10254093542.931843
102540935429.31842
1025409354293.1843
10254093542931.844
102540935429318.44
Working on network 246.
nan
Working on network 210.
nan
Working on network 220.
4330630017.850574
43306300178.50574
433063001785.0574
4330630017850.5737
43306300178505.734
Working on network 221.
8899565784.167809
88995657841.67809
889956578416.7809
8899565784167.809
88995657841678.1
Working on network 240.
10153563325.052475
101535633250.52475
1015356332505.2476
10153563325052.477
101535633250524.75
Working on network 241.
8025337436.064506
80253374360.64505
802533743606.4506
8025337436064.506
80253374360645.06
Working on network 214.
10625418350.788767
106254183507.88766
1062541835078.8767
10625418350788.768
106254183507887.67
Working on network 215.
6711043998.776416
67110439987.76415
671104399877.6416
6711043998776.416
67110439987764.16
Working on network 234.
5786437047.100792
57864370471.00792
578643704710.0792
5786437047100.792
57864370471007.92
Working on network 235.
16319613684.283033
163196136842.83032
1631961368428.3032
16319613684283.031
163196136842830.3
Working on network 248.
6316903326.976401
63169033269.76401
631690332697.6401
6316903326976.401
63169033269764.016
Working on network 249.
5480959848.53106
54809598485.3106
548095984853.106
5480959848531.061
54809598485310.6
Working on network 202.
9175345818.517548
91753458185.17546
917534581851.7548
9175345818517.547
91753458185175.47
Working on network 203.
5008707508.6691
50087075086.690994
500870750866.91
5008707508669.1
50087075086691.0
Working on network 228.
7034798800.808052
70347988008.0805
703479880080.8052
7034798800808.052
70347988008080.516
Working on network 229.
11987391775.541697
119873917755.41696
1198739177554.1697
11987391775541.697
119873917755416.97
Working on network 242.
7143956750.020722
71439567500.20721
714395675002.0723
7143956750020.723
71439567500207.22
Working on network 243.
5392509744.898201
53925097448.98201
539250974489.8201
5392509744898.201
53925097448982.016
Working on network 204.
4953977404.92529
49539774049.25289
495397740492.529
4953977404925.29
49539774049252.9
Working on network 205.
7486742125.443613
74867421254.43613
748674212544.3613
7486742125443.613
74867421254436.12
Working on network 226.
6845267329.447046
68452673294.47045
684526732944.7046
6845267329447.046
68452673294470.46
Working on network 227.
22444580975.417862
224445809754.1786
2244458097541.786
22444580975417.86
224445809754178.62
Working on network 244.
5909494419.114452
59094944191.144516
590949441911.4452
5909494419114.452
59094944191144.516
Working on network 245.
6101841512.121521
61018415121.2152
610184151212.1521
6101841512121.521
61018415121215.21
multiprocessing.pool.RemoteTraceback: 
"""
Traceback (most recent call last):
  File "/cluster/eb/haswell/software/Python/3.9.6-GCCcore-11.2.0/lib/python3.9/multiprocessing/pool.py", line 125, in worker
    result = (True, func(*args, **kwds))
  File "/cluster/eb/haswell/software/Python/3.9.6-GCCcore-11.2.0/lib/python3.9/multiprocessing/pool.py", line 48, in mapstar
    return list(map(*args))
  File "/storage/vast-gfz-hpc-01/home/mcnab/grlp_network_analysis/network/glic/network_sweep_seg_length.py", line 92, in analyse_network
    z_lag = find_network_lag(net, z, time, scale, period)
  File "/home/mcnab/network/lib/python3.9/site-packages/grlp_extras.py", line 219, in find_network_lag
    lag[seg.ID] = find_lag_times(prop[seg.ID], time, scale, period=period) / period
  File "/home/mcnab/network/lib/python3.9/site-packages/grlp_extras.py", line 63, in find_lag_times
    obs_tps = obs_tps[ np.where( obs_tps >= scl_tps[0] ) ]
IndexError: index 0 is out of bounds for axis 0 with size 0
"""

The above exception was the direct cause of the following exception:

Traceback (most recent call last):
  File "/storage/vast-gfz-hpc-01/home/mcnab/grlp_network_analysis/network/glic/network_sweep_seg_length.py", line 158, in <module>
    results = pool.map(analyse_network, range(i,j+1))
  File "/cluster/eb/haswell/software/Python/3.9.6-GCCcore-11.2.0/lib/python3.9/multiprocessing/pool.py", line 364, in map
    return self._map_async(func, iterable, mapstar, chunksize).get()
  File "/cluster/eb/haswell/software/Python/3.9.6-GCCcore-11.2.0/lib/python3.9/multiprocessing/pool.py", line 771, in get
    raise self._value
IndexError: index 0 is out of bounds for axis 0 with size 0
srun: error: node067: task 0: Exited with exit code 1
/home/mcnab/network/lib/python3.9/site-packages/grlp/grlp.py:651: RuntimeWarning: divide by zero encountered in divide
  -1/self.dx_ext[0][1:]) ) \
/home/mcnab/network/lib/python3.9/site-packages/grlp/grlp.py:654: RuntimeWarning: divide by zero encountered in divide
  * ( (7/3.)/self.dx_ext[0][1:] # REALLY?
/home/mcnab/network/lib/python3.9/site-packages/grlp/grlp.py:437: RuntimeWarning: divide by zero encountered in scalar divide
  7/3. * ( 1/(self.x_ext[0][-1] - self.x_ext[0][-2]) )
/home/mcnab/network/lib/python3.9/site-packages/grlp/grlp.py:436: RuntimeWarning: invalid value encountered in scalar multiply
  self.bcr = self.z_bl * self.C1[-1] / self.dx_ext_2cell[0][-1] * (
/home/mcnab/network/lib/python3.9/site-packages/scipy/sparse/linalg/_dsolve/linsolve.py:293: MatrixRankWarning: Matrix is exactly singular
  warn("Matrix is exactly singular", MatrixRankWarning)
Working on network 368.
7279156786.974723
72791567869.74722
727915678697.4723
7279156786974.723
72791567869747.23
Working on network 369.
11469712400.372158
114697124003.72157
1146971240037.2158
11469712400372.158
114697124003721.58
Working on network 378.
12205031586.106272
122050315861.06271
1220503158610.6272
12205031586106.271
122050315861062.72
Working on network 379.
4987680781.182251
49876807811.8225
498768078118.2251
4987680781182.251
49876807811822.51
Working on network 354.
9370367199.577612
93703671995.77611
937036719957.7612
9370367199577.613
93703671995776.12
Working on network 355.
7311966108.893663
73119661088.93663
731196610889.3663
7311966108893.663
73119661088936.64
Working on network 380.
9599837211.857962
95998372118.5796
959983721185.7961
9599837211857.96
95998372118579.61
Working on network 381.
6369935880.22856
63699358802.28561
636993588022.8561
6369935880228.561
63699358802285.61
Working on network 366.
10319676524.420916
103196765244.20915
1031967652442.0916
10319676524420.916
103196765244209.16
Working on network 367.
11759589996.35208
117595899963.5208
1175958999635.208
11759589996352.08
117595899963520.8
Working on network 376.
8906251292.701714
89062512927.01712
890625129270.1713
8906251292701.713
89062512927017.12
Working on network 377.
6616787897.514167
66167878975.141655
661678789751.4166
6616787897514.166
66167878975141.664
Working on network 364.
11139986190.15963
111399861901.59628
1113998619015.963
11139986190159.629
111399861901596.28
Working on network 365.
7598130333.951354
75981303339.51353
759813033395.1354
7598130333951.354
75981303339513.53
Working on network 388.
8890758101.871578
88907581018.71576
889075810187.1577
8890758101871.578
88907581018715.77
Working on network 389.
4562192419.827879
45621924198.278786
456219241982.7879
4562192419827.879
45621924198278.79
Working on network 362.
11545484338.35302
115454843383.5302
1154548433835.302
11545484338353.02
115454843383530.2
Working on network 363.
4079711217.2224855
40797112172.22485
407971121722.24854
4079711217222.4854
40797112172224.85
Working on network 384.
7289242044.855031
72892420448.5503
728924204485.503
7289242044855.03
72892420448550.31
Working on network 385.
8503058261.225386
85030582612.25385
850305826122.5386
8503058261225.386
85030582612253.86
Working on network 358.
7544204509.054181
75442045090.54181
754420450905.4181
7544204509054.181
75442045090541.81
Working on network 359.
11163819896.027874
111638198960.27873
1116381989602.7874
11163819896027.873
111638198960278.73
Working on network 382.
nan
Working on network 390.
6451869186.8519945
64518691868.51994
645186918685.1995
6451869186851.994
64518691868519.945
Working on network 391.
6581190400.377991
65811904003.7799
658119040037.7991
6581190400377.99
65811904003779.91
Working on network 356.
5125233164.955278
51252331649.55278
512523316495.52783
5125233164955.278
51252331649552.78
Working on network 357.
9383519466.565058
93835194665.65056
938351946656.5057
9383519466565.057
93835194665650.58
Working on network 372.
8743820230.891424
87438202308.91425
874382023089.1425
8743820230891.425
87438202308914.25
Working on network 373.
8976770472.331724
89767704723.31723
897677047233.1724
8976770472331.723
89767704723317.23
Working on network 392.
7340389432.432753
73403894324.32751
734038943243.2753
7340389432432.753
73403894324327.53
Working on network 393.
12119396193.449202
121193961934.492
1211939619344.9202
12119396193449.201
121193961934492.02
Working on network 352.
6192000234.853514
61920002348.535126
619200023485.3513
6192000234853.514
61920002348535.13
Working on network 353.
8921292685.171824
89212926851.71822
892129268517.1823
8921292685171.822
89212926851718.22
Working on network 370.
10336320026.981787
103363200269.81786
1033632002698.1787
10336320026981.787
103363200269817.88
Working on network 371.
6406287735.259828
64062877352.598274
640628773525.9828
6406287735259.828
64062877352598.28
Working on network 394.
17985372153.84434
179853721538.4434
1798537215384.434
17985372153844.34
179853721538443.4
Working on network 395.
9130249057.777124
91302490577.77124
913024905777.7124
9130249057777.125
91302490577771.23
Working on network 350.
8904476707.527702
89044767075.27701
890447670752.7701
8904476707527.701
89044767075277.02
Working on network 351.
9797988814.039097
97979888140.39096
979798881403.9097
9797988814039.098
97979888140390.97
Working on network 374.
9456657084.720156
94566570847.20155
945665708472.0156
9456657084720.156
94566570847201.56
Working on network 375.
4644267846.054311
46442678460.543106
464426784605.4311
4644267846054.311
46442678460543.11
Working on network 396.
10989074968.115473
109890749681.15471
1098907496811.5472
10989074968115.473
109890749681154.72
Working on network 397.
12107387379.417574
121073873794.17572
1210738737941.7573
12107387379417.574
121073873794175.73
Working on network 360.
9062748116.29011
90627481162.90108
906274811629.0109
9062748116290.11
90627481162901.1
Working on network 361.
9061360013.893106
90613600138.93105
906136001389.3105
9061360013893.105
90613600138931.06
Working on network 386.
7744290738.096909
77442907380.96907
774429073809.6908
7744290738096.908
77442907380969.08
Working on network 387.
5115462429.146484
51154624291.464836
511546242914.64844
5115462429146.484
51154624291464.84
Working on network 398.
8224160174.021232
82241601740.21231
822416017402.1232
8224160174021.231
82241601740212.31
Working on network 399.
15487686718.232424
154876867182.32422
1548768671823.2424
15487686718232.424
154876867182324.25
multiprocessing.pool.RemoteTraceback: 
"""
Traceback (most recent call last):
  File "/cluster/eb/haswell/software/Python/3.9.6-GCCcore-11.2.0/lib/python3.9/multiprocessing/pool.py", line 125, in worker
    result = (True, func(*args, **kwds))
  File "/cluster/eb/haswell/software/Python/3.9.6-GCCcore-11.2.0/lib/python3.9/multiprocessing/pool.py", line 48, in mapstar
    return list(map(*args))
  File "/storage/vast-gfz-hpc-01/home/mcnab/grlp_network_analysis/network/glic/network_sweep_seg_length.py", line 92, in analyse_network
    z_lag = find_network_lag(net, z, time, scale, period)
  File "/home/mcnab/network/lib/python3.9/site-packages/grlp_extras.py", line 219, in find_network_lag
    lag[seg.ID] = find_lag_times(prop[seg.ID], time, scale, period=period) / period
  File "/home/mcnab/network/lib/python3.9/site-packages/grlp_extras.py", line 63, in find_lag_times
    obs_tps = obs_tps[ np.where( obs_tps >= scl_tps[0] ) ]
IndexError: index 0 is out of bounds for axis 0 with size 0
"""

The above exception was the direct cause of the following exception:

Traceback (most recent call last):
  File "/storage/vast-gfz-hpc-01/home/mcnab/grlp_network_analysis/network/glic/network_sweep_seg_length.py", line 158, in <module>
    results = pool.map(analyse_network, range(i,j+1))
  File "/cluster/eb/haswell/software/Python/3.9.6-GCCcore-11.2.0/lib/python3.9/multiprocessing/pool.py", line 364, in map
    return self._map_async(func, iterable, mapstar, chunksize).get()
  File "/cluster/eb/haswell/software/Python/3.9.6-GCCcore-11.2.0/lib/python3.9/multiprocessing/pool.py", line 771, in get
    raise self._value
IndexError: index 0 is out of bounds for axis 0 with size 0
srun: error: node069: task 0: Exited with exit code 1
/home/mcnab/network/lib/python3.9/site-packages/grlp/grlp.py:651: RuntimeWarning: divide by zero encountered in divide
  -1/self.dx_ext[0][1:]) ) \
/home/mcnab/network/lib/python3.9/site-packages/grlp/grlp.py:654: RuntimeWarning: divide by zero encountered in divide
  * ( (7/3.)/self.dx_ext[0][1:] # REALLY?
/home/mcnab/network/lib/python3.9/site-packages/grlp/grlp.py:437: RuntimeWarning: divide by zero encountered in scalar divide
  7/3. * ( 1/(self.x_ext[0][-1] - self.x_ext[0][-2]) )
/home/mcnab/network/lib/python3.9/site-packages/grlp/grlp.py:436: RuntimeWarning: invalid value encountered in scalar multiply
  self.bcr = self.z_bl * self.C1[-1] / self.dx_ext_2cell[0][-1] * (
/home/mcnab/network/lib/python3.9/site-packages/scipy/sparse/linalg/_dsolve/linsolve.py:293: MatrixRankWarning: Matrix is exactly singular
  warn("Matrix is exactly singular", MatrixRankWarning)
Working on network 160.
10438835245.776247
104388352457.76247
1043883524577.6248
10438835245776.248
104388352457762.47
Working on network 161.
6498363751.833259
64983637518.33257
649836375183.3258
6498363751833.258
64983637518332.58
Working on network 178.
8921309680.30493
89213096803.0493
892130968030.493
8921309680304.93
89213096803049.3
Working on network 179.
6919617338.300193
69196173383.00192
691961733830.0193
6919617338300.193
69196173383001.93
Working on network 168.
10743691717.981203
107436917179.81203
1074369171798.1204
10743691717981.203
107436917179812.03
Working on network 169.
9546575682.97018
95465756829.7018
954657568297.0181
9546575682970.18
95465756829701.81
Working on network 186.
14840445663.93622
148404456639.36218
1484044566393.622
14840445663936.22
148404456639362.22
Working on network 187.
11536932994.342642
115369329943.4264
1153693299434.2642
11536932994342.64
115369329943426.42
Working on network 164.
9315497314.84877
93154973148.48769
931549731484.877
9315497314848.77
93154973148487.69
Working on network 165.
10312450696.521393
103124506965.21391
1031245069652.1393
10312450696521.393
103124506965213.92
Working on network 182.
11675058863.926617
116750588639.26616
1167505886392.6616
11675058863926.617
116750588639266.16
Working on network 183.
12223251070.091465
122232510700.91464
1222325107009.1465
12223251070091.465
122232510700914.66
Working on network 166.
12968092163.963877
129680921639.63876
1296809216396.3877
12968092163963.877
129680921639638.77
Working on network 167.
5483809291.965115
54838092919.65114
548380929196.5114
5483809291965.114
54838092919651.14
Working on network 184.
13548163801.116783
135481638011.16782
1354816380111.6782
13548163801116.781
135481638011167.83
Working on network 185.
11115393374.380737
111153933743.80736
1111539337438.0737
11115393374380.738
111153933743807.38
Working on network 158.
15830376342.294495
158303763422.94495
1583037634229.4495
15830376342294.494
158303763422944.94
Working on network 159.
13229335660.986074
132293356609.86073
1322933566098.6074
13229335660986.074
132293356609860.75
Working on network 188.
13466829682.089975
134668296820.89975
1346682968208.9976
13466829682089.977
134668296820899.75
Working on network 189.
8203636182.64099
82036361826.4099
820363618264.099
8203636182640.99
82036361826409.9
Working on network 162.
13438125114.35836
134381251143.58359
1343812511435.836
13438125114358.36
134381251143583.6
Working on network 163.
8449939277.7548065
84499392777.54805
844993927775.4806
8449939277754.806
84499392777548.06
Working on network 172.
10930412280.5406
109304122805.40599
1093041228054.0599
10930412280540.6
109304122805406.0
Working on network 173.
10825105993.422247
108251059934.22246
1082510599342.2246
10825105993422.246
108251059934222.47
Working on network 192.
6214118094.531974
62141180945.31973
621411809453.1974
6214118094531.974
62141180945319.74
Working on network 193.
nan
Working on network 152.
18569294701.038845
185692947010.3884
1856929470103.8843
18569294701038.844
185692947010388.44
Working on network 153.
5280648691.065261
52806486910.6526
528064869106.52606
5280648691065.261
52806486910652.61
Working on network 170.
14750992570.77907
147509925707.79068
1475099257077.907
14750992570779.07
147509925707790.7
Working on network 171.
10817748537.68126
108177485376.81258
1081774853768.1259
10817748537681.258
108177485376812.58
Working on network 190.
8312814605.3942375
83128146053.94237
831281460539.4237
8312814605394.237
83128146053942.38
Working on network 191.
18181333980.807903
181813339808.079
1818133398080.7903
18181333980807.902
181813339808079.03
Working on network 150.
12148204719.460722
121482047194.60722
1214820471946.0723
12148204719460.723
121482047194607.22
Working on network 151.
5966910733.616777
59669107336.16777
596691073361.6777
5966910733616.777
59669107336167.77
Working on network 174.
13043876774.854841
130438767748.5484
1304387677485.4841
13043876774854.842
130438767748548.4
Working on network 175.
8398154127.41725
83981541274.17249
839815412741.725
8398154127417.25
83981541274172.5
Working on network 194.
8235307504.60927
82353075046.0927
823530750460.927
8235307504609.27
82353075046092.7
Working on network 195.
15388245944.345726
153882459443.45724
1538824594434.5725
15388245944345.725
153882459443457.25
Working on network 156.
11909736696.791065
119097366967.91063
1190973669679.1064
11909736696791.064
119097366967910.64
Working on network 157.
7543808858.881085
75438088588.81085
754380885888.1085
7543808858881.085
75438088588810.86
Working on network 180.
10560118674.106438
105601186741.06438
1056011867410.6438
10560118674106.438
105601186741064.38
Working on network 181.
10155345062.605917
101553450626.05916
1015534506260.5917
10155345062605.916
101553450626059.17
Working on network 198.
8834184619.815084
88341846198.15083
883418461981.5084
8834184619815.084
88341846198150.84
Working on network 199.
16937581118.809692
169375811188.09692
1693758111880.9692
16937581118809.691
169375811188096.94
Working on network 154.
11898995562.477644
118989955624.77643
1189899556247.7644
11898995562477.645
118989955624776.44
Working on network 155.
7152653673.728708
71526536737.28708
715265367372.8708
7152653673728.709
71526536737287.08
Working on network 176.
8841042117.862621
88410421178.6262
884104211786.2621
8841042117862.621
88410421178626.2
Working on network 177.
9801828517.134474
98018285171.34473
980182851713.4474
9801828517134.475
98018285171344.73
Working on network 196.
7244806090.05514
72448060900.55139
724480609005.5139
7244806090055.139
72448060900551.39
Working on network 197.
9860072564.379993
98600725643.79993
986007256437.9994
9860072564379.994
98600725643799.94
multiprocessing.pool.RemoteTraceback: 
"""
Traceback (most recent call last):
  File "/cluster/eb/haswell/software/Python/3.9.6-GCCcore-11.2.0/lib/python3.9/multiprocessing/pool.py", line 125, in worker
    result = (True, func(*args, **kwds))
  File "/cluster/eb/haswell/software/Python/3.9.6-GCCcore-11.2.0/lib/python3.9/multiprocessing/pool.py", line 48, in mapstar
    return list(map(*args))
  File "/storage/vast-gfz-hpc-01/home/mcnab/grlp_network_analysis/network/glic/network_sweep_seg_length.py", line 92, in analyse_network
    z_lag = find_network_lag(net, z, time, scale, period)
  File "/home/mcnab/network/lib/python3.9/site-packages/grlp_extras.py", line 219, in find_network_lag
    lag[seg.ID] = find_lag_times(prop[seg.ID], time, scale, period=period) / period
  File "/home/mcnab/network/lib/python3.9/site-packages/grlp_extras.py", line 63, in find_lag_times
    obs_tps = obs_tps[ np.where( obs_tps >= scl_tps[0] ) ]
IndexError: index 0 is out of bounds for axis 0 with size 0
"""

The above exception was the direct cause of the following exception:

Traceback (most recent call last):
  File "/storage/vast-gfz-hpc-01/home/mcnab/grlp_network_analysis/network/glic/network_sweep_seg_length.py", line 158, in <module>
    results = pool.map(analyse_network, range(i,j+1))
  File "/cluster/eb/haswell/software/Python/3.9.6-GCCcore-11.2.0/lib/python3.9/multiprocessing/pool.py", line 364, in map
    return self._map_async(func, iterable, mapstar, chunksize).get()
  File "/cluster/eb/haswell/software/Python/3.9.6-GCCcore-11.2.0/lib/python3.9/multiprocessing/pool.py", line 771, in get
    raise self._value
IndexError: index 0 is out of bounds for axis 0 with size 0
srun: error: node068: task 0: Exited with exit code 1
Working on network 468.
7825145715.5751
78251457155.75099
782514571557.51
7825145715575.1
78251457155751.0
Working on network 469.
9983004801.378336
99830048013.78336
998300480137.8336
9983004801378.336
99830048013783.36
Working on network 474.
7201005233.701844
72010052337.01843
720100523370.1844
7201005233701.845
72010052337018.44
Working on network 475.
10415549259.216507
104155492592.16507
1041554925921.6508
10415549259216.508
104155492592165.08
Working on network 458.
9120101800.211618
91201018002.11618
912010180021.1619
9120101800211.62
91201018002116.19
Working on network 459.
8902650471.82266
89026504718.2266
890265047182.266
8902650471822.66
89026504718226.6
Working on network 482.
7798987918.801359
77989879188.01358
779898791880.1359
7798987918801.358
77989879188013.6
Working on network 483.
13244244108.007017
132442441080.07016
1324424410800.7017
13244244108007.016
132442441080070.17
Working on network 462.
5821519126.561321
58215191265.613205
582151912656.1321
5821519126561.32
58215191265613.21
Working on network 463.
8575059303.405272
85750593034.0527
857505930340.5271
8575059303405.271
85750593034052.7
Working on network 484.
7219234959.787326
72192349597.87325
721923495978.7325
7219234959787.325
72192349597873.25
Working on network 485.
12772688694.411148
127726886944.11147
1277268869441.1147
12772688694411.148
127726886944111.47
Working on network 466.
5816132853.448707
58161328534.48705
581613285344.8706
5816132853448.706
58161328534487.06
Working on network 467.
6387390958.274609
63873909582.74608
638739095827.4608
6387390958274.608
63873909582746.08
Working on network 486.
9336911230.149855
93369112301.49854
933691123014.9855
9336911230149.855
93369112301498.55
Working on network 487.
10451803365.020761
104518033650.2076
1045180336502.076
10451803365020.76
104518033650207.61
Working on network 450.
7391608583.811741
73916085838.1174
739160858381.1741
7391608583811.74
73916085838117.4
Working on network 451.
11581863684.003447
115818636840.03447
1158186368400.3447
11581863684003.447
115818636840034.47
Working on network 488.
9539183387.74988
95391833877.4988
953918338774.988
9539183387749.88
95391833877498.8
Working on network 489.
10372768150.185446
103727681501.85445
1037276815018.5446
10372768150185.445
103727681501854.45
Working on network 464.
10781701092.600605
107817010926.00604
1078170109260.0605
10781701092600.605
107817010926006.06
Working on network 465.
9030843215.147743
90308432151.47742
903084321514.7743
9030843215147.742
90308432151477.42
Working on network 476.
10165002304.16708
101650023041.67079
1016500230416.708
10165002304167.08
101650023041670.8
Working on network 477.
8780192832.116718
87801928321.16718
878019283211.6718
8780192832116.718
87801928321167.17
Working on network 492.
nan
Working on network 452.
8696672225.299902
86966722252.99902
869667222529.9902
8696672225299.902
86966722252999.03
Working on network 453.
10216220255.984978
102162202559.84976
1021622025598.4977
10216220255984.977
102162202559849.77
Working on network 478.
5608658665.2363405
56086586652.363396
560865866523.634
5608658665236.34
56086586652363.41
Working on network 479.
10206705299.949104
102067052999.49103
1020670529994.9104
10206705299949.104
102067052999491.05
Working on network 494.
8033339572.617924
80333395726.17923
803333957261.7924
8033339572617.924
80333395726179.23
Working on network 495.
10264282020.2338
102642820202.338
1026428202023.3801
10264282020233.8
102642820202338.02
Working on network 460.
9422911713.802427
94229117138.02426
942291171380.2427
9422911713802.426
94229117138024.27
Working on network 461.
10415123483.140097
104151234831.40096
1041512348314.0096
10415123483140.096
104151234831400.97
Working on network 480.
5890935871.05733
58909358710.573296
589093587105.733
5890935871057.33
58909358710573.305
Working on network 481.
10190258184.416466
101902581844.16464
1019025818441.6465
10190258184416.465
101902581844164.66
Working on network 496.
6901350875.535257
69013508755.35257
690135087553.5258
6901350875535.258
69013508755352.58
Working on network 497.
10179085020.36775
101790850203.67749
1017908502036.775
10179085020367.75
101790850203677.5
Working on network 456.
6996704889.115709
69967048891.15709
699670488911.5709
6996704889115.709
69967048891157.09
Working on network 457.
9532326285.580345
95323262855.80344
953232628558.0344
9532326285580.344
95323262855803.44
Working on network 470.
6438690617.70148
64386906177.014786
643869061770.148
6438690617701.4795
64386906177014.8
Working on network 471.
7713614128.765434
77136141287.65434
771361412876.5435
7713614128765.435
77136141287654.34
Working on network 498.
8139028318.881821
81390283188.81819
813902831888.182
8139028318881.82
81390283188818.2
Working on network 499.
8904473001.974642
89044730019.7464
890447300197.4641
8904473001974.64
89044730019746.4
Working on network 454.
8983441005.047758
89834410050.47757
898344100504.7758
8983441005047.758
89834410050477.58
Working on network 455.
12342067115.868265
123420671158.68263
1234206711586.8264
12342067115868.264
123420671158682.64
Working on network 472.
5073748419.276506
50737484192.76506
507374841927.65063
5073748419276.506
50737484192765.06
Working on network 473.
10568345809.020786
105683458090.20786
1056834580902.0786
10568345809020.785
105683458090207.86
Working on network 490.
9432397126.216644
94323971262.16643
943239712621.6644
9432397126216.645
94323971262166.44
Working on network 491.
8668399841.54981
86683998415.49811
866839984154.9811
8668399841549.811
86683998415498.11
multiprocessing.pool.RemoteTraceback: 
"""
Traceback (most recent call last):
  File "/cluster/eb/haswell/software/Python/3.9.6-GCCcore-11.2.0/lib/python3.9/multiprocessing/pool.py", line 125, in worker
    result = (True, func(*args, **kwds))
  File "/cluster/eb/haswell/software/Python/3.9.6-GCCcore-11.2.0/lib/python3.9/multiprocessing/pool.py", line 48, in mapstar
    return list(map(*args))
  File "/storage/vast-gfz-hpc-01/home/mcnab/grlp_network_analysis/network/glic/network_sweep_seg_length.py", line 92, in analyse_network
    z_lag = find_network_lag(net, z, time, scale, period)
  File "/home/mcnab/network/lib/python3.9/site-packages/grlp_extras.py", line 219, in find_network_lag
    lag[seg.ID] = find_lag_times(prop[seg.ID], time, scale, period=period) / period
  File "/home/mcnab/network/lib/python3.9/site-packages/grlp_extras.py", line 63, in find_lag_times
    obs_tps = obs_tps[ np.where( obs_tps >= scl_tps[0] ) ]
IndexError: index 0 is out of bounds for axis 0 with size 0
"""

The above exception was the direct cause of the following exception:

Traceback (most recent call last):
  File "/storage/vast-gfz-hpc-01/home/mcnab/grlp_network_analysis/network/glic/network_sweep_seg_length.py", line 158, in <module>
    results = pool.map(analyse_network, range(i,j+1))
  File "/cluster/eb/haswell/software/Python/3.9.6-GCCcore-11.2.0/lib/python3.9/multiprocessing/pool.py", line 364, in map
    return self._map_async(func, iterable, mapstar, chunksize).get()
  File "/cluster/eb/haswell/software/Python/3.9.6-GCCcore-11.2.0/lib/python3.9/multiprocessing/pool.py", line 771, in get
    raise self._value
IndexError: index 0 is out of bounds for axis 0 with size 0
srun: error: node246: task 0: Exited with exit code 1
/home/mcnab/network/lib/python3.9/site-packages/grlp/grlp.py:651: RuntimeWarning: divide by zero encountered in divide
  -1/self.dx_ext[0][1:]) ) \
/home/mcnab/network/lib/python3.9/site-packages/grlp/grlp.py:654: RuntimeWarning: divide by zero encountered in divide
  * ( (7/3.)/self.dx_ext[0][1:] # REALLY?
/home/mcnab/network/lib/python3.9/site-packages/grlp/grlp.py:437: RuntimeWarning: divide by zero encountered in scalar divide
  7/3. * ( 1/(self.x_ext[0][-1] - self.x_ext[0][-2]) )
/home/mcnab/network/lib/python3.9/site-packages/grlp/grlp.py:436: RuntimeWarning: invalid value encountered in scalar multiply
  self.bcr = self.z_bl * self.C1[-1] / self.dx_ext_2cell[0][-1] * (
/home/mcnab/network/lib/python3.9/site-packages/scipy/sparse/linalg/_dsolve/linsolve.py:293: MatrixRankWarning: Matrix is exactly singular
  warn("Matrix is exactly singular", MatrixRankWarning)
Working on network 106.
11601467559.436947
116014675594.36945
1160146755943.6946
11601467559436.945
116014675594369.45
Working on network 107.
9668055226.07742
96680552260.77419
966805522607.742
9668055226077.42
96680552260774.19
Working on network 134.
8790762617.885483
87907626178.85481
879076261788.5482
8790762617885.482
87907626178854.83
Working on network 135.
6664822369.863866
66648223698.63866
666482236986.3866
6664822369863.866
66648223698638.66
Working on network 118.
6902116079.277495
69021160792.77495
690211607927.7495
6902116079277.495
69021160792774.95
Working on network 119.
11951572349.044235
119515723490.44235
1195157234904.4236
11951572349044.236
119515723490442.36
Working on network 124.
6176972093.64289
61769720936.42889
617697209364.289
6176972093642.89
61769720936428.89
Working on network 125.
11376383983.370735
113763839833.70734
1137638398337.0735
11376383983370.734
113763839833707.34
Working on network 108.
8244310046.374818
82443100463.74817
824431004637.4818
8244310046374.818
82443100463748.19
Working on network 109.
6512034378.364259
65120343783.642586
651203437836.4259
6512034378364.259
65120343783642.59
Working on network 132.
10135578553.147291
101355785531.4729
1013557855314.7291
10135578553147.291
101355785531472.9
Working on network 133.
8162651903.364341
81626519033.6434
816265190336.4341
8162651903364.341
81626519033643.4
Working on network 104.
6840988902.200927
68409889022.00926
684098890220.0927
6840988902200.927
68409889022009.266
Working on network 105.
7757003531.2240715
77570035312.2407
775700353122.4071
7757003531224.071
77570035312240.7
Working on network 136.
6134805707.785249
61348057077.852486
613480570778.5249
6134805707785.249
61348057077852.49
Working on network 137.
7994197745.116097
79941977451.16096
799419774511.6097
7994197745116.098
79941977451160.97
Working on network 112.
7505290197.939492
75052901979.39491
750529019793.9492
7505290197939.492
75052901979394.92
Working on network 113.
9551341662.644104
95513416626.44102
955134166264.4104
9551341662644.104
95513416626441.05
Working on network 138.
6983231311.019125
69832313110.19124
698323131101.9125
6983231311019.125
69832313110191.25
Working on network 139.
10917968202.969872
109179682029.6987
1091796820296.987
10917968202969.871
109179682029698.7
Working on network 102.
nan
Working on network 120.
14920177404.657965
149201774046.57962
1492017740465.7964
14920177404657.965
149201774046579.62
Working on network 121.
18707825958.567368
187078259585.67365
1870782595856.7366
18707825958567.367
187078259585673.66
Working on network 140.
8147685370.588541
81476853705.8854
814768537058.8541
8147685370588.541
81476853705885.4
Working on network 141.
5345277059.816455
53452770598.16454
534527705981.64545
5345277059816.454
53452770598164.55
Working on network 114.
6327743362.841349
63277433628.41348
632774336284.1349
6327743362841.349
63277433628413.49
Working on network 115.
9707573952.467014
97075739524.67014
970757395246.7014
9707573952467.014
97075739524670.14
Working on network 130.
10855278009.658274
108552780096.58273
1085527800965.8274
10855278009658.273
108552780096582.73
Working on network 131.
9116781157.917692
91167811579.17691
911678115791.7692
9116781157917.691
91167811579176.92
Working on network 144.
8786866520.10589
87868665201.0589
878686652010.589
8786866520105.89
87868665201058.9
Working on network 145.
19850493408.803734
198504934088.03732
1985049340880.3733
19850493408803.734
198504934088037.34
Working on network 110.
9144751238.503475
91447512385.03474
914475123850.3475
9144751238503.475
91447512385034.75
Working on network 111.
8614676407.472658
86146764074.72658
861467640747.2659
8614676407472.658
86146764074726.6
Working on network 128.
17628442339.972744
176284423399.72742
1762844233997.2744
17628442339972.742
176284423399727.44
Working on network 129.
7665448699.713527
76654486997.13525
766544869971.3527
7665448699713.526
76654486997135.27
Working on network 148.
22374579412.84174
223745794128.41736
2237457941284.174
22374579412841.74
223745794128417.38
Working on network 149.
16235643981.98303
162356439819.8303
1623564398198.303
16235643981983.03
162356439819830.3
Working on network 116.
5628963649.657538
56289636496.57537
562896364965.7538
5628963649657.538
56289636496575.375
Working on network 117.
5737760330.735531
57377603307.35531
573776033073.5531
5737760330735.531
57377603307355.31
Working on network 126.
6636767990.746994
66367679907.469925
663676799074.6993
6636767990746.993
66367679907469.94
Working on network 127.
6263700484.001141
62637004840.0114
626370048400.114
6263700484001.141
62637004840011.4
Working on network 142.
9268951572.99569
92689515729.95688
926895157299.5688
9268951572995.688
92689515729956.89
Working on network 143.
14104966144.449106
141049661444.49106
1410496614444.9106
14104966144449.105
141049661444491.06
Working on network 100.
7487938678.140221
74879386781.4022
748793867814.0221
7487938678140.221
74879386781402.2
Working on network 101.
6089004225.726945
60890042257.26944
608900422572.6945
6089004225726.944
60890042257269.445
Working on network 122.
11863180533.500025
118631805335.00023
1186318053350.0024
11863180533500.023
118631805335000.25
Working on network 123.
8081259092.230415
80812590922.30414
808125909223.0415
8081259092230.415
80812590922304.16
Working on network 146.
10261981368.917067
102619813689.17064
1026198136891.7065
10261981368917.066
102619813689170.66
Working on network 147.
15696319195.687096
156963191956.87094
1569631919568.7095
15696319195687.094
156963191956870.94
multiprocessing.pool.RemoteTraceback: 
"""
Traceback (most recent call last):
  File "/cluster/eb/haswell/software/Python/3.9.6-GCCcore-11.2.0/lib/python3.9/multiprocessing/pool.py", line 125, in worker
    result = (True, func(*args, **kwds))
  File "/cluster/eb/haswell/software/Python/3.9.6-GCCcore-11.2.0/lib/python3.9/multiprocessing/pool.py", line 48, in mapstar
    return list(map(*args))
  File "/storage/vast-gfz-hpc-01/home/mcnab/grlp_network_analysis/network/glic/network_sweep_seg_length.py", line 92, in analyse_network
    z_lag = find_network_lag(net, z, time, scale, period)
  File "/home/mcnab/network/lib/python3.9/site-packages/grlp_extras.py", line 219, in find_network_lag
    lag[seg.ID] = find_lag_times(prop[seg.ID], time, scale, period=period) / period
  File "/home/mcnab/network/lib/python3.9/site-packages/grlp_extras.py", line 63, in find_lag_times
    obs_tps = obs_tps[ np.where( obs_tps >= scl_tps[0] ) ]
IndexError: index 0 is out of bounds for axis 0 with size 0
"""

The above exception was the direct cause of the following exception:

Traceback (most recent call last):
  File "/storage/vast-gfz-hpc-01/home/mcnab/grlp_network_analysis/network/glic/network_sweep_seg_length.py", line 158, in <module>
    results = pool.map(analyse_network, range(i,j+1))
  File "/cluster/eb/haswell/software/Python/3.9.6-GCCcore-11.2.0/lib/python3.9/multiprocessing/pool.py", line 364, in map
    return self._map_async(func, iterable, mapstar, chunksize).get()
  File "/cluster/eb/haswell/software/Python/3.9.6-GCCcore-11.2.0/lib/python3.9/multiprocessing/pool.py", line 771, in get
    raise self._value
IndexError: index 0 is out of bounds for axis 0 with size 0
srun: error: node149: task 0: Exited with exit code 1
Working on network 14.
6002342735.2783575
60023427352.78356
600234273527.8357
6002342735278.357
60023427352783.57
Working on network 15.
4842660350.1761675
48426603501.76167
484266035017.61676
4842660350176.168
48426603501761.68
Working on network 32.
10511978358.223291
105119783582.2329
1051197835822.3291
10511978358223.291
105119783582232.9
Working on network 33.
6159963671.945746
61599636719.45745
615996367194.5746
6159963671945.746
61599636719457.46
Working on network 6.
8791555128.655214
87915551286.55212
879155512865.5214
8791555128655.214
87915551286552.14
Working on network 7.
4529036940.254649
45290369402.546486
452903694025.4649
4529036940254.649
45290369402546.49
Working on network 28.
7981401159.744363
79814011597.44362
798140115974.4363
7981401159744.363
79814011597443.62
Working on network 29.
6751175107.303475
67511751073.034744
675117510730.3475
6751175107303.476
67511751073034.75
Working on network 16.
7844581938.404312
78445819384.0431
784458193840.4312
7844581938404.312
78445819384043.11
Working on network 17.
4744661995.205897
47446619952.05897
474466199520.5897
4744661995205.897
47446619952058.97
Working on network 24.
8759183989.039574
87591839890.39572
875918398903.9573
8759183989039.572
87591839890395.73
Working on network 25.
6815606069.09956
68156060690.99559
681560606909.9559
6815606069099.56
68156060690995.59
Working on network 12.
5492770100.273354
54927701002.73353
549277010027.3353
5492770100273.354
54927701002733.53
Working on network 13.
2722474547.571125
27224745475.711246
272247454757.1125
2722474547571.125
27224745475711.25
Working on network 38.
6478964865.5305
64789648655.305
647896486553.05
6478964865530.5
64789648655305.01
Working on network 39.
4606741593.149317
46067415931.493164
460674159314.9317
4606741593149.317
46067415931493.17
Working on network 8.
6988894715.301211
69888947153.0121
698889471530.1211
6988894715301.211
69888947153012.11
Working on network 9.
5387671554.697353
53876715546.97353
538767155469.73535
5387671554697.354
53876715546973.53
Working on network 36.
5741969909.998036
57419699099.980354
574196990999.8036
5741969909998.036
57419699099980.36
Working on network 37.
6802141661.8251295
68021416618.25129
680214166182.513
6802141661825.129
68021416618251.3
Working on network 4.
7761776945.67032
77617769456.70319
776177694567.032
7761776945670.32
77617769456703.2
Working on network 5.
3848447339.947942
38484473399.479416
384844733994.7942
3848447339947.942
38484473399479.42
Working on network 34.
6954864708.6301
69548647086.301
695486470863.01
6954864708630.1
69548647086301.0
Working on network 35.
13302068607.602104
133020686076.02103
1330206860760.2104
13302068607602.105
133020686076021.05
Working on network 48.
nan
Working on network 10.
6816338930.949156
68163389309.49155
681633893094.9155
6816338930949.155
68163389309491.555
Working on network 11.
3254394967.0746245
32543949670.746243
325439496707.46246
3254394967074.6245
32543949670746.246
Working on network 30.
9945488280.937618
99454882809.37616
994548828093.7617
9945488280937.617
99454882809376.17
Working on network 31.
7778247048.155677
77782470481.55676
777824704815.5676
7778247048155.676
77782470481556.77
Working on network 42.
11187971606.223457
111879716062.23456
1118797160622.3457
11187971606223.457
111879716062234.56
Working on network 43.
15770391837.12069
157703918371.20688
1577039183712.0688
15770391837120.688
157703918371206.88
Working on network 18.
7593569181.25551
75935691812.5551
759356918125.551
7593569181255.51
75935691812555.11
Working on network 19.
2993644896.778512
29936448967.78512
299364489677.8512
2993644896778.5117
29936448967785.12
Working on network 22.
6273260566.170693
62732605661.70693
627326056617.0693
6273260566170.693
62732605661706.94
Working on network 23.
nan
Working on network 40.
7260157094.821198
72601570948.21198
726015709482.1199
7260157094821.199
72601570948211.98
Working on network 41.
5819117676.8055725
58191176768.05572
581911767680.5573
5819117676805.572
58191176768055.73
Working on network 0.
6225822461.102716
62258224611.02715
622582246110.2716
6225822461102.716
62258224611027.164
Working on network 1.
4117358859.527486
41173588595.27486
411735885952.7486
4117358859527.486
41173588595274.86
Working on network 26.
5147826538.704895
51478265387.04894
514782653870.4895
5147826538704.895
51478265387048.95
Working on network 27.
7317748599.279916
73177485992.79915
731774859927.9916
7317748599279.916
73177485992799.16
Working on network 46.
7445889971.287526
74458899712.87524
744588997128.7526
7445889971287.525
74458899712875.25
Working on network 47.
6070601969.409627
60706019694.09626
607060196940.9626
6070601969409.627
60706019694096.266
Working on network 2.
8650867677.341019
86508676773.41017
865086767734.1018
8650867677341.018
86508676773410.19
Working on network 3.
4889925075.835195
48899250758.351944
488992507583.5195
4889925075835.194
48899250758351.945
Working on network 20.
7477056627.3421335
74770566273.42133
747705662734.2134
7477056627342.134
74770566273421.34
Working on network 21.
6928093542.892566
69280935428.92566
692809354289.2566
6928093542892.566
69280935428925.66
Working on network 44.
3851291922.8688183
38512919228.68818
385129192286.88184
3851291922868.8184
38512919228688.19
Working on network 45.
6371739615.80999
63717396158.0999
637173961580.999
6371739615809.99
63717396158099.91
multiprocessing.pool.RemoteTraceback: 
"""
Traceback (most recent call last):
  File "/cluster/eb/haswell/software/Python/3.9.6-GCCcore-11.2.0/lib/python3.9/multiprocessing/pool.py", line 125, in worker
    result = (True, func(*args, **kwds))
  File "/cluster/eb/haswell/software/Python/3.9.6-GCCcore-11.2.0/lib/python3.9/multiprocessing/pool.py", line 48, in mapstar
    return list(map(*args))
  File "/storage/vast-gfz-hpc-01/home/mcnab/grlp_network_analysis/network/glic/network_sweep_seg_length.py", line 92, in analyse_network
    z_lag = find_network_lag(net, z, time, scale, period)
  File "/home/mcnab/network/lib/python3.9/site-packages/grlp_extras.py", line 219, in find_network_lag
    lag[seg.ID] = find_lag_times(prop[seg.ID], time, scale, period=period) / period
  File "/home/mcnab/network/lib/python3.9/site-packages/grlp_extras.py", line 63, in find_lag_times
    obs_tps = obs_tps[ np.where( obs_tps >= scl_tps[0] ) ]
IndexError: index 0 is out of bounds for axis 0 with size 0
"""

The above exception was the direct cause of the following exception:

Traceback (most recent call last):
  File "/storage/vast-gfz-hpc-01/home/mcnab/grlp_network_analysis/network/glic/network_sweep_seg_length.py", line 158, in <module>
    results = pool.map(analyse_network, range(i,j+1))
  File "/cluster/eb/haswell/software/Python/3.9.6-GCCcore-11.2.0/lib/python3.9/multiprocessing/pool.py", line 364, in map
    return self._map_async(func, iterable, mapstar, chunksize).get()
  File "/cluster/eb/haswell/software/Python/3.9.6-GCCcore-11.2.0/lib/python3.9/multiprocessing/pool.py", line 771, in get
    raise self._value
IndexError: index 0 is out of bounds for axis 0 with size 0
srun: error: node150: task 0: Exited with exit code 1
Working on network 306.
7469331456.553953
74693314565.53952
746933145655.3953
7469331456553.953
74693314565539.53
Working on network 307.
5103860464.407973
51038604644.07973
510386046440.7973
5103860464407.973
51038604644079.73
Working on network 324.
5963086281.312204
59630862813.12204
596308628131.2205
5963086281312.205
59630862813122.05
Working on network 325.
2922082643.615506
29220826436.155056
292208264361.5506
2922082643615.506
29220826436155.06
Working on network 310.
6236859667.312366
62368596673.12365
623685966731.2366
6236859667312.365
62368596673123.66
Working on network 311.
5729512084.114464
57295120841.14464
572951208411.4464
5729512084114.464
57295120841144.64
Working on network 332.
7902437618.810818
79024376188.10817
790243761881.0818
7902437618810.818
79024376188108.17
Working on network 333.
4517834686.344248
45178346863.442474
451783468634.42474
4517834686344.247
45178346863442.48
Working on network 300.
4155787341.173812
41557873411.73811
415578734117.38116
4155787341173.8115
41557873411738.12
Working on network 301.
6922291708.477543
69222917084.77542
692229170847.7543
6922291708477.543
69222917084775.43
Working on network 326.
5932523923.836568
59325239238.36567
593252392383.6567
5932523923836.567
59325239238365.67
Working on network 327.
4892526336.444119
48925263364.441185
489252633644.4119
4892526336444.119
48925263364441.195
Working on network 308.
4345131665.377817
43451316653.77817
434513166537.7817
4345131665377.817
43451316653778.164
Working on network 309.
3491019447.0717983
34910194470.71798
349101944707.1798
3491019447071.798
34910194470717.98
Working on network 336.
6459882401.41687
64598824014.16869
645988240141.687
6459882401416.87
64598824014168.7
Working on network 337.
5717929626.089271
57179296260.89269
571792962608.927
5717929626089.27
57179296260892.7
Working on network 312.
5807755370.28101
58077553702.81009
580775537028.101
5807755370281.01
58077553702810.09
Working on network 313.
5797711033.144531
57977110331.445305
579771103314.4531
5797711033144.531
57977110331445.31
Working on network 338.
10392218359.332485
103922183593.32483
1039221835933.2484
10392218359332.484
103922183593324.84
Working on network 339.
3516963082.524471
35169630825.244705
351696308252.4471
3516963082524.4707
35169630825244.707
Working on network 304.
6561347322.871521
65613473228.7152
656134732287.1521
6561347322871.521
65613473228715.21
Working on network 305.
4046416002.4597626
40464160024.597626
404641600245.97626
4046416002459.7627
40464160024597.625
Working on network 320.
nan
Working on network 340.
4498392360.792483
44983923607.924835
449839236079.24835
4498392360792.483
44983923607924.836
Working on network 341.
8347032351.159106
83470323511.59106
834703235115.9106
8347032351159.106
83470323511591.06
Working on network 318.
5031200266.378179
50312002663.781784
503120026637.8179
5031200266378.179
50312002663781.79
Working on network 319.
4535292679.101377
45352926791.01376
453529267910.13763
4535292679101.376
45352926791013.766
Working on network 322.
5753237475.542825
57532374755.428246
575323747554.2825
5753237475542.824
57532374755428.25
Working on network 323.
4976375728.260557
49763757282.60556
497637572826.05566
4976375728260.557
49763757282605.56
Working on network 344.
5383431892.429878
53834318924.298775
538343189242.9878
5383431892429.878
53834318924298.78
Working on network 345.
11316381564.172852
113163815641.7285
1131638156417.2852
11316381564172.852
113163815641728.52
Working on network 314.
3911091578.5011926
39110915785.011925
391109157850.11926
3911091578501.1924
39110915785011.93
Working on network 315.
6238626792.296496
62386267922.96496
623862679229.6497
6238626792296.496
62386267922964.97
Working on network 328.
8009427439.634123
80094274396.34122
800942743963.4122
8009427439634.122
80094274396341.22
Working on network 329.
nan
Working on network 342.
7002318117.3512335
70023181173.51233
700231811735.1233
7002318117351.232
70023181173512.33
Working on network 343.
15729534154.540981
157295341545.4098
1572953415454.0981
15729534154540.98
157295341545409.8
Working on network 302.
7795168027.9162245
77951680279.16223
779516802791.6224
7795168027916.225
77951680279162.25
Working on network 303.
4436840864.627839
44368408646.27839
443684086462.78394
4436840864627.84
44368408646278.39
Working on network 330.
9576764976.17772
95767649761.77718
957676497617.7719
9576764976177.719
95767649761777.19
Working on network 331.
3077739959.649159
30777399596.49159
307773995964.9159
3077739959649.159
30777399596491.59
Working on network 346.
9159672775.593685
91596727755.93684
915967277559.3685
9159672775593.686
91596727755936.86
Working on network 347.
10040823097.492702
100408230974.927
1004082309749.2701
10040823097492.701
100408230974927.02
Working on network 316.
6943742097.625676
69437420976.25676
694374209762.5676
6943742097625.676
69437420976256.766
Working on network 317.
4584573480.321272
45845734803.212715
458457348032.1272
4584573480321.271
45845734803212.72
Working on network 334.
6862249054.033498
68622490540.33497
686224905403.3497
6862249054033.497
68622490540334.98
Working on network 335.
5673010157.899793
56730101578.99792
567301015789.9792
5673010157899.793
56730101578997.92
Working on network 348.
8622144434.557165
86221444345.57166
862214443455.7166
8622144434557.166
86221444345571.66
Working on network 349.
8814783413.84689
88147834138.46889
881478341384.689
8814783413846.89
88147834138468.89
multiprocessing.pool.RemoteTraceback: 
"""
Traceback (most recent call last):
  File "/cluster/eb/haswell/software/Python/3.9.6-GCCcore-11.2.0/lib/python3.9/multiprocessing/pool.py", line 125, in worker
    result = (True, func(*args, **kwds))
  File "/cluster/eb/haswell/software/Python/3.9.6-GCCcore-11.2.0/lib/python3.9/multiprocessing/pool.py", line 48, in mapstar
    return list(map(*args))
  File "/storage/vast-gfz-hpc-01/home/mcnab/grlp_network_analysis/network/glic/network_sweep_seg_length.py", line 92, in analyse_network
    z_lag = find_network_lag(net, z, time, scale, period)
  File "/home/mcnab/network/lib/python3.9/site-packages/grlp_extras.py", line 219, in find_network_lag
    lag[seg.ID] = find_lag_times(prop[seg.ID], time, scale, period=period) / period
  File "/home/mcnab/network/lib/python3.9/site-packages/grlp_extras.py", line 63, in find_lag_times
    obs_tps = obs_tps[ np.where( obs_tps >= scl_tps[0] ) ]
IndexError: index 0 is out of bounds for axis 0 with size 0
"""

The above exception was the direct cause of the following exception:

Traceback (most recent call last):
  File "/storage/vast-gfz-hpc-01/home/mcnab/grlp_network_analysis/network/glic/network_sweep_seg_length.py", line 158, in <module>
    results = pool.map(analyse_network, range(i,j+1))
  File "/cluster/eb/haswell/software/Python/3.9.6-GCCcore-11.2.0/lib/python3.9/multiprocessing/pool.py", line 364, in map
    return self._map_async(func, iterable, mapstar, chunksize).get()
  File "/cluster/eb/haswell/software/Python/3.9.6-GCCcore-11.2.0/lib/python3.9/multiprocessing/pool.py", line 771, in get
    raise self._value
IndexError: index 0 is out of bounds for axis 0 with size 0
srun: error: node043: task 0: Exited with exit code 1
Working on network 54.
6622920667.117433
66229206671.174324
662292066711.7433
6622920667117.433
66229206671174.33
Working on network 55.
9890907291.92718
98909072919.27177
989090729192.7179
9890907291927.18
98909072919271.8
Working on network 76.
19145185229.04962
191451852290.4962
1914518522904.9622
19145185229049.62
191451852290496.22
Working on network 77.
17185885502.2751
171858855022.75098
1718588550227.51
17185885502275.1
171858855022751.0
Working on network 62.
5275024180.5673485
52750241805.67348
527502418056.7348
5275024180567.348
52750241805673.48
Working on network 63.
12393343356.15767
123933433561.57668
1239334335615.7668
12393343356157.668
123933433561576.69
Working on network 78.
12897103334.882792
128971033348.8279
1289710333488.279
12897103334882.791
128971033348827.9
Working on network 79.
6786878871.773511
67868788717.7351
678687887177.3511
6786878871773.511
67868788717735.11
Working on network 50.
6680739370.969231
66807393709.69231
668073937096.9231
6680739370969.23
66807393709692.31
Working on network 51.
7665809306.580509
76658093065.80508
766580930658.0509
7665809306580.509
76658093065805.1
Working on network 80.
14055527463.19775
140555274631.97748
1405552746319.775
14055527463197.75
140555274631977.48
Working on network 81.
12180214354.578693
121802143545.78693
1218021435457.8694
12180214354578.693
121802143545786.94
Working on network 64.
9540579688.78645
95405796887.86449
954057968878.6449
9540579688786.45
95405796887864.48
Working on network 65.
11883232917.553171
118832329175.53171
1188323291755.3171
11883232917553.172
118832329175531.72
Working on network 84.
17098875436.191475
170988754361.91473
1709887543619.1475
17098875436191.475
170988754361914.75
Working on network 85.
17403576747.133793
174035767471.3379
1740357674713.3792
17403576747133.791
174035767471337.9
Working on network 60.
8221602433.072767
82216024330.72766
822160243307.2767
8221602433072.768
82216024330727.67
Working on network 61.
12001603337.83648
120016033378.36479
1200160333783.648
12001603337836.48
120016033378364.8
Working on network 86.
11764040477.823809
117640404778.23808
1176404047782.3809
11764040477823.809
117640404778238.1
Working on network 87.
4674607432.138848
46746074321.38848
467460743213.8848
4674607432138.849
46746074321388.484
Working on network 58.
9319844799.354675
93198447993.54674
931984479935.4675
9319844799354.676
93198447993546.75
Working on network 59.
7856836921.674415
78568369216.74414
785683692167.4414
7856836921674.414
78568369216744.14
Working on network 82.
nan
Working on network 90.
11151587803.028374
111515878030.28374
1115158780302.8374
11151587803028.375
111515878030283.73
Working on network 91.
5006449841.499424
50064498414.99423
500644984149.9424
5006449841499.424
50064498414994.234
Working on network 52.
7743754116.304023
77437541163.04022
774375411630.4022
7743754116304.022
77437541163040.22
Working on network 53.
8166483550.499503
81664835504.99503
816648355049.9503
8166483550499.503
81664835504995.03
Working on network 72.
13765862322.027512
137658623220.27512
1376586232202.7512
13765862322027.512
137658623220275.12
Working on network 73.
9977974066.26558
99779740662.65579
997797406626.558
9977974066265.58
99779740662655.8
Working on network 96.
4612769952.537221
46127699525.3722
461276995253.72205
4612769952537.221
46127699525372.2
Working on network 97.
12513417855.896198
125134178558.96198
1251341785589.6199
12513417855896.2
125134178558961.98
Working on network 68.
6793363535.970871
67933635359.708694
679336353597.087
6793363535970.87
67933635359708.7
Working on network 69.
10441095360.603514
104410953606.03513
1044109536060.3513
10441095360603.514
104410953606035.12
Working on network 88.
8386120858.527711
83861208585.2771
838612085852.7711
8386120858527.711
83861208585277.11
Working on network 89.
nan
Working on network 92.
4805777785.538056
48057777855.38056
480577778553.80566
4805777785538.057
48057777855380.56
Working on network 93.
8834293696.907751
88342936969.07751
883429369690.7751
8834293696907.752
88342936969077.52
Working on network 66.
5913060780.989134
59130607809.89133
591306078098.9133
5913060780989.133
59130607809891.336
Working on network 67.
6738912368.463932
67389123684.63931
673891236846.3932
6738912368463.932
67389123684639.32
Working on network 70.
20402470249.51302
204024702495.1302
2040247024951.302
20402470249513.02
204024702495130.2
Working on network 71.
9999367653.48881
99993676534.88808
999936765348.8809
9999367653488.809
99993676534888.1
Working on network 94.
6292474320.243892
62924743202.43891
629247432024.3892
6292474320243.892
62924743202438.914
Working on network 95.
6739512419.929604
67395124199.29603
673951241992.9603
6739512419929.604
67395124199296.03
Working on network 56.
7519186381.084065
75191863810.84064
751918638108.4065
7519186381084.064
75191863810840.66
Working on network 57.
18351429311.72665
183514293117.26645
1835142931172.6648
18351429311726.65
183514293117266.47
Working on network 74.
19148278341.701565
191482783417.01562
1914827834170.1565
19148278341701.566
191482783417015.66
Working on network 75.
9226033360.16821
92260333601.68207
922603336016.8208
9226033360168.207
92260333601682.08
Working on network 98.
7781112013.259102
77811120132.591
778111201325.9102
7781112013259.102
77811120132591.02
Working on network 99.
5056791002.594723
50567910025.94722
505679100259.4722
5056791002594.723
50567910025947.23
multiprocessing.pool.RemoteTraceback: 
"""
Traceback (most recent call last):
  File "/cluster/eb/haswell/software/Python/3.9.6-GCCcore-11.2.0/lib/python3.9/multiprocessing/pool.py", line 125, in worker
    result = (True, func(*args, **kwds))
  File "/cluster/eb/haswell/software/Python/3.9.6-GCCcore-11.2.0/lib/python3.9/multiprocessing/pool.py", line 48, in mapstar
    return list(map(*args))
  File "/storage/vast-gfz-hpc-01/home/mcnab/grlp_network_analysis/network/glic/network_sweep_seg_length.py", line 92, in analyse_network
    z_lag = find_network_lag(net, z, time, scale, period)
  File "/home/mcnab/network/lib/python3.9/site-packages/grlp_extras.py", line 219, in find_network_lag
    lag[seg.ID] = find_lag_times(prop[seg.ID], time, scale, period=period) / period
  File "/home/mcnab/network/lib/python3.9/site-packages/grlp_extras.py", line 63, in find_lag_times
    obs_tps = obs_tps[ np.where( obs_tps >= scl_tps[0] ) ]
IndexError: index 0 is out of bounds for axis 0 with size 0
"""

The above exception was the direct cause of the following exception:

Traceback (most recent call last):
  File "/storage/vast-gfz-hpc-01/home/mcnab/grlp_network_analysis/network/glic/network_sweep_seg_length.py", line 158, in <module>
    results = pool.map(analyse_network, range(i,j+1))
  File "/cluster/eb/haswell/software/Python/3.9.6-GCCcore-11.2.0/lib/python3.9/multiprocessing/pool.py", line 364, in map
    return self._map_async(func, iterable, mapstar, chunksize).get()
  File "/cluster/eb/haswell/software/Python/3.9.6-GCCcore-11.2.0/lib/python3.9/multiprocessing/pool.py", line 771, in get
    raise self._value
IndexError: index 0 is out of bounds for axis 0 with size 0
srun: error: node042: task 0: Exited with exit code 1
Working on network 412.
10418952970.433151
104189529704.33151
1041895297043.3152
10418952970433.152
104189529704331.52
Working on network 413.
12952919278.300041
129529192783.0004
1295291927830.0042
12952919278300.041
129529192783000.42
Working on network 430.
5960541828.487455
59605418284.87454
596054182848.7455
5960541828487.455
59605418284874.55
Working on network 431.
3829767523.3115883
38297675233.115875
382976752331.1588
3829767523311.588
38297675233115.88
Working on network 418.
11626714450.457989
116267144504.57988
1162671445045.7988
11626714450457.988
116267144504579.88
Working on network 419.
5496458505.082078
54964585050.82077
549645850508.20776
5496458505082.078
54964585050820.77
Working on network 434.
4764078973.987549
47640789739.87548
476407897398.7549
4764078973987.549
47640789739875.484
Working on network 435.
5084293138.819186
50842931388.19186
508429313881.91864
5084293138819.187
50842931388191.87
Working on network 406.
12432735107.437403
124327351074.37401
1243273510743.7402
12432735107437.402
124327351074374.03
Working on network 407.
10009179199.690989
100091791996.90987
1000917919969.0988
10009179199690.988
100091791996909.88
Working on network 432.
4141695243.8145466
41416952438.14546
414169524381.45465
4141695243814.5464
41416952438145.47
Working on network 433.
8158881127.671984
81588811276.71983
815888112767.1984
8158881127671.983
81588811276719.84
Working on network 414.
10081325777.271687
100813257772.71686
1008132577727.1687
10081325777271.688
100813257772716.88
Working on network 415.
8115696893.277212
81156968932.77211
811569689327.7212
8115696893277.212
81156968932772.12
Working on network 438.
6515260206.874966
65152602068.74965
651526020687.4966
6515260206874.966
65152602068749.66
Working on network 439.
7209589417.429638
72095894174.29637
720958941742.9637
7209589417429.638
72095894174296.38
Working on network 408.
9658402798.117857
96584027981.17856
965840279811.7856
9658402798117.855
96584027981178.56
Working on network 409.
5858582627.204342
58585826272.04342
585858262720.4342
5858582627204.342
58585826272043.42
Working on network 436.
5249423635.200073
52494236352.000725
524942363520.0073
5249423635200.073
52494236352000.734
Working on network 437.
6600945988.727173
66009459887.27172
660094598872.7173
6600945988727.173
66009459887271.73
Working on network 416.
nan
Working on network 420.
10359904039.719162
103599040397.19162
1035990403971.9163
10359904039719.162
103599040397191.62
Working on network 421.
6190445540.717272
61904455407.172714
619044554071.7272
6190445540717.271
61904455407172.72
Working on network 440.
8519129025.235658
85191290252.35657
851912902523.5658
8519129025235.658
85191290252356.58
Working on network 441.
3639737499.89484
36397374998.948395
363973749989.48395
3639737499894.8394
36397374998948.4
Working on network 400.
6324832633.385403
63248326333.85403
632483263338.5403
6324832633385.402
63248326333854.03
Working on network 401.
6509215835.492304
65092158354.92303
650921583549.2303
6509215835492.304
65092158354923.03
Working on network 422.
5761289289.18781
57612892891.8781
576128928918.781
5761289289187.811
57612892891878.1
Working on network 423.
7051829470.007512
70518294700.07512
705182947000.7512
7051829470007.512
70518294700075.12
Working on network 442.
4653828492.142781
46538284921.42781
465382849214.27814
4653828492142.781
46538284921427.81
Working on network 443.
7228949695.329102
72289496953.29102
722894969532.9102
7228949695329.102
72289496953291.02
Working on network 410.
7412828430.118997
74128284301.18996
741282843011.8997
7412828430118.996
74128284301189.97
Working on network 411.
6523730396.299733
65237303962.99732
652373039629.9733
6523730396299.732
65237303962997.33
Working on network 424.
7332007571.160858
73320075711.60858
733200757116.0858
7332007571160.858
73320075711608.58
Working on network 425.
7299411465.503375
72994114655.03375
729941146550.3375
7299411465503.375
72994114655033.75
Working on network 444.
5057218763.127996
50572187631.27996
505721876312.7996
5057218763127.996
50572187631279.96
Working on network 445.
6957782454.981632
69577824549.81631
695778245498.1632
6957782454981.632
69577824549816.32
Working on network 404.
9703730164.7131
97037301647.13098
970373016471.3099
9703730164713.1
97037301647131.0
Working on network 405.
7809713285.748445
78097132857.48444
780971328574.8445
7809713285748.445
78097132857484.45
Working on network 428.
7393188582.863625
73931885828.63623
739318858286.3624
7393188582863.624
73931885828636.25
Working on network 429.
6907467887.853172
69074678878.53172
690746788785.3173
6907467887853.173
69074678878531.73
Working on network 448.
7351281533.44315
73512815334.43149
735128153344.315
7351281533443.149
73512815334431.5
Working on network 449.
7209712635.729683
72097126357.29681
720971263572.9683
7209712635729.683
72097126357296.83
Working on network 402.
7356827267.307582
73568272673.0758
735682726730.7582
7356827267307.582
73568272673075.81
Working on network 403.
9341929981.461695
93419299814.61693
934192998146.1694
9341929981461.695
93419299814616.94
Working on network 426.
6516573156.474679
65165731564.74678
651657315647.4679
6516573156474.679
65165731564746.79
Working on network 427.
6970852998.259896
69708529982.59895
697085299825.9896
6970852998259.896
69708529982598.96
Working on network 446.
5630333748.19912
56303337481.991196
563033374819.912
5630333748199.12
56303337481991.195
Working on network 447.
5240199447.128591
52401994471.2859
524019944712.859
5240199447128.59
52401994471285.9
multiprocessing.pool.RemoteTraceback: 
"""
Traceback (most recent call last):
  File "/cluster/eb/haswell/software/Python/3.9.6-GCCcore-11.2.0/lib/python3.9/multiprocessing/pool.py", line 125, in worker
    result = (True, func(*args, **kwds))
  File "/cluster/eb/haswell/software/Python/3.9.6-GCCcore-11.2.0/lib/python3.9/multiprocessing/pool.py", line 48, in mapstar
    return list(map(*args))
  File "/storage/vast-gfz-hpc-01/home/mcnab/grlp_network_analysis/network/glic/network_sweep_seg_length.py", line 92, in analyse_network
    z_lag = find_network_lag(net, z, time, scale, period)
  File "/home/mcnab/network/lib/python3.9/site-packages/grlp_extras.py", line 219, in find_network_lag
    lag[seg.ID] = find_lag_times(prop[seg.ID], time, scale, period=period) / period
  File "/home/mcnab/network/lib/python3.9/site-packages/grlp_extras.py", line 63, in find_lag_times
    obs_tps = obs_tps[ np.where( obs_tps >= scl_tps[0] ) ]
IndexError: index 0 is out of bounds for axis 0 with size 0
"""

The above exception was the direct cause of the following exception:

Traceback (most recent call last):
  File "/storage/vast-gfz-hpc-01/home/mcnab/grlp_network_analysis/network/glic/network_sweep_seg_length.py", line 158, in <module>
    results = pool.map(analyse_network, range(i,j+1))
  File "/cluster/eb/haswell/software/Python/3.9.6-GCCcore-11.2.0/lib/python3.9/multiprocessing/pool.py", line 364, in map
    return self._map_async(func, iterable, mapstar, chunksize).get()
  File "/cluster/eb/haswell/software/Python/3.9.6-GCCcore-11.2.0/lib/python3.9/multiprocessing/pool.py", line 771, in get
    raise self._value
IndexError: index 0 is out of bounds for axis 0 with size 0
srun: error: node147: task 0: Exited with exit code 1
Working on network 254.
9220407225.377964
92204072253.77963
922040722537.7964
9220407225377.965
92204072253779.64
Working on network 255.
4021423974.2505026
40214239742.50502
402142397425.05023
4021423974250.5024
40214239742505.02
Working on network 274.
4661901417.086664
46619014170.86664
466190141708.66644
4661901417086.664
46619014170866.64
Working on network 275.
15791870317.274517
157918703172.74515
1579187031727.4517
15791870317274.516
157918703172745.16
Working on network 250.
6693561941.293667
66935619412.93666
669356194129.3667
6693561941293.667
66935619412936.67
Working on network 251.
5906446684.615249
59064466846.15249
590644668461.5249
5906446684615.249
59064466846152.49
Working on network 276.
5042077075.338834
50420770753.38833
504207707533.88336
5042077075338.834
50420770753388.336
Working on network 277.
9727494674.834902
97274946748.34901
972749467483.4902
9727494674834.902
97274946748349.03
Working on network 260.
8831601094.211803
88316010942.11804
883160109421.1804
8831601094211.805
88316010942118.05
Working on network 261.
3026432403.7444396
30264324037.444393
302643240374.444
3026432403744.4395
30264324037444.4
Working on network 282.
7436497090.477433
74364970904.77432
743649709047.7433
7436497090477.433
74364970904774.33
Working on network 283.
12711892328.49314
127118923284.93138
1271189232849.314
12711892328493.14
127118923284931.39
Working on network 264.
16474752662.225157
164747526622.25156
1647475266222.5156
16474752662225.156
164747526622251.56
Working on network 265.
3566012401.7507095
35660124017.50709
356601240175.0709
3566012401750.709
35660124017507.09
Working on network 284.
8403899483.488603
84038994834.88602
840389948348.8602
8403899483488.603
84038994834886.02
Working on network 285.
10717167143.576143
107171671435.76143
1071716714357.6144
10717167143576.145
107171671435761.44
Working on network 268.
11766039670.279968
117660396702.79967
1176603967027.9968
11766039670279.969
117660396702799.69
Working on network 269.
4869274689.40043
48692746894.004295
486927468940.04297
4869274689400.43
48692746894004.3
Working on network 270.
6020687432.378416
60206874323.78415
602068743237.8416
6020687432378.416
60206874323784.16
Working on network 271.
10733898352.253138
107338983522.53136
1073389835225.3137
10733898352253.137
107338983522531.38
Working on network 290.
4418479105.265377
44184791052.65377
441847910526.5377
4418479105265.377
44184791052653.77
Working on network 291.
8868227844.892876
88682278448.92876
886822784489.2876
8868227844892.875
88682278448928.77
Working on network 252.
13376325991.29593
133763259912.95929
1337632599129.593
13376325991295.93
133763259912959.3
Working on network 253.
3019237792.7362556
30192377927.362553
301923779273.62555
3019237792736.2554
30192377927362.555
Working on network 286.
5160395628.213585
51603956282.13584
516039562821.35846
5160395628213.585
51603956282135.84
Working on network 287.
13694883810.870232
136948838108.7023
1369488381087.0232
13694883810870.232
136948838108702.31
Working on network 262.
9159093436.757679
91590934367.57678
915909343675.768
9159093436757.68
91590934367576.8
Working on network 263.
5956461212.423102
59564612124.23101
595646121242.3102
5956461212423.102
59564612124231.016
Working on network 272.
7086467545.745442
70864675457.4544
708646754574.5442
7086467545745.441
70864675457454.42
Working on network 273.
10388596631.060905
103885966310.60904
1038859663106.0905
10388596631060.904
103885966310609.05
Working on network 292.
6046476056.585369
60464760565.85368
604647605658.5369
6046476056585.369
60464760565853.69
Working on network 293.
16980831600.561163
169808316005.6116
1698083160056.1162
16980831600561.162
169808316005611.62
Working on network 258.
10722801600.843895
107228016008.43895
1072280160084.3895
10722801600843.895
107228016008438.95
Working on network 259.
5896316139.550918
58963161395.50918
589631613955.0918
5896316139550.918
58963161395509.18
Working on network 288.
7596361383.026345
75963613830.26344
759636138302.6345
7596361383026.346
75963613830263.45
Working on network 289.
11572926176.306288
115729261763.06285
1157292617630.6287
11572926176306.287
115729261763062.86
Working on network 296.
4805387299.083622
48053872990.83621
480538729908.3622
4805387299083.622
48053872990836.22
Working on network 297.
10788455715.319685
107884557153.19682
1078845571531.9684
10788455715319.684
107884557153196.84
Working on network 256.
8452869459.506983
84528694595.06982
845286945950.6982
8452869459506.982
84528694595069.83
Working on network 257.
2404787161.2807794
24047871612.80779
240478716128.0779
2404787161280.7793
24047871612807.793
Working on network 280.
7300456408.517978
73004564085.17976
730045640851.7977
7300456408517.978
73004564085179.77
Working on network 281.
14598964480.63372
145989644806.3372
1459896448063.372
14598964480633.72
145989644806337.22
Working on network 294.
4210838044.2033687
42108380442.03368
421083804420.33685
4210838044203.3687
42108380442033.69
Working on network 295.
15286494799.283043
152864947992.8304
1528649479928.3042
15286494799283.043
152864947992830.4
Working on network 266.
7052432378.988498
70524323789.88496
705243237898.8497
7052432378988.497
70524323789884.97
Working on network 267.
4101218590.2185273
41012185902.18527
410121859021.8527
4101218590218.5273
41012185902185.27
Working on network 278.
9899530106.578588
98995301065.78587
989953010657.8589
9899530106578.59
98995301065785.89
Working on network 279.
9388629519.500488
93886295195.00487
938862951950.0488
9388629519500.488
93886295195004.88
Working on network 298.
6739306536.085889
67393065360.85888
673930653608.5889
6739306536085.889
67393065360858.89
Working on network 299.
8425484322.410607
84254843224.10606
842548432241.0607
8425484322410.606
84254843224106.06
Finished: 19:07:59
