Starting: 13:45:35
Starting: 13:45:35
Starting: 13:45:35
Starting: 13:45:35
Starting: 13:45:35
Starting: 13:45:35
Starting: 13:45:35
Starting: 13:45:37
Starting: 13:45:37
Starting: 13:45:37
slurmstepd: error: *** STEP 2869528.0 ON node137 CANCELLED AT 2024-05-19T13:45:39 DUE TO TIME LIMIT ***
slurmstepd: error: *** STEP 2869528.2 ON node139 CANCELLED AT 2024-05-19T13:45:39 DUE TO TIME LIMIT ***
slurmstepd: error: *** STEP 2869528.1 ON node138 CANCELLED AT 2024-05-19T13:45:39 DUE TO TIME LIMIT ***
slurmstepd: error: *** STEP 2869528.5 ON node180 CANCELLED AT 2024-05-19T13:45:39 DUE TO TIME LIMIT ***
slurmstepd: error: *** STEP 2869528.3 ON node178 CANCELLED AT 2024-05-19T13:45:39 DUE TO TIME LIMIT ***
slurmstepd: error: *** STEP 2869528.9 ON node184 CANCELLED AT 2024-05-19T13:45:39 DUE TO TIME LIMIT ***
slurmstepd: error: *** STEP 2869528.4 ON node179 CANCELLED AT 2024-05-19T13:45:39 DUE TO TIME LIMIT ***
slurmstepd: error: *** STEP 2869528.8 ON node183 CANCELLED AT 2024-05-19T13:45:39 DUE TO TIME LIMIT ***
slurmstepd: error: *** STEP 2869528.7 ON node182 CANCELLED AT 2024-05-19T13:45:39 DUE TO TIME LIMIT ***
slurmstepd: error: *** STEP 2869528.6 ON node181 CANCELLED AT 2024-05-19T13:45:39 DUE TO TIME LIMIT ***
Working on network 30.
Working on network 31.
Working on network 34.
Working on network 35.
Working on network 82.
Working on network 83.
Working on network 84.
Working on network 85.
Working on network 62.
Working on network 63.
Working on network 66.
Working on network 67.
srun: error: node180: task 0: Terminated
srun: error: node179: task 0: Terminated
srun: error: node178: task 0: Terminated
srun: error: node137: task 0: Terminated
srun: error: node184: task 0: Terminated
srun: error: node183: task 0: Terminated
srun: error: node181: task 0: Terminated
srun: error: node182: task 0: Terminated
srun: error: node139: task 0: Terminated
srun: Force Terminated StepId=2869528.5
srun: Force Terminated StepId=2869528.2
srun: Force Terminated StepId=2869528.7
srun: Force Terminated StepId=2869528.0
srun: Force Terminated StepId=2869528.4
srun: Force Terminated StepId=2869528.9
srun: Force Terminated StepId=2869528.3
srun: Force Terminated StepId=2869528.6
srun: Force Terminated StepId=2869528.8
srun: error: node138: task 0: Terminated
srun: Force Terminated StepId=2869528.1
