0: Starting: 14:59:52
0: Starting: 14:59:52
0: Starting: 14:59:55
0: Starting: 15:00:14
0: Working on network 54.
0: Working on network 55.
0: Working on network 66.
0: Working on network 67.
0: Working on network 82.
0: Working on network 83.
0: Working on network 64.
0: Working on network 65.
0: Working on network 70.
0: Working on network 71.
0: Working on network 86.
0: Working on network 87.
0: Working on network 50.
0: Working on network 51.
0: Working on network 68.
0: Working on network 69.
0: Working on network 94.
0: Working on network 95.
0: Working on network 58.
0: Working on network 59.
0: Working on network 76.
0: Working on network 77.
0: Working on network 88.
0: Working on network 89.
0: Working on network 56.
0: Working on network 57.
0: Working on network 74.
0: Working on network 75.
0: Working on network 92.
0: Working on network 93.
0: Working on network 52.
0: Working on network 53.
0: Working on network 72.
0: Working on network 73.
0: Working on network 90.
0: Working on network 91.
0: Working on network 62.
0: Working on network 63.
0: Working on network 80.
0: Working on network 81.
0: Working on network 96.
0: Working on network 97.
0: Working on network 60.
0: Working on network 61.
0: Working on network 78.
0: Working on network 79.
0: Working on network 84.
0: Working on network 85.
0: Working on network 98.
0: Working on network 99.
0: Finished: 10:20:17
0: Working on network 106.
0: Working on network 107.
0: Working on network 118.
0: Working on network 119.
0: Working on network 132.
0: Working on network 133.
0: Working on network 108.
0: Working on network 109.
0: Working on network 120.
0: Working on network 121.
0: Working on network 136.
0: Working on network 137.
0: Working on network 112.
0: Working on network 113.
0: Working on network 122.
0: Working on network 123.
0: Working on network 138.
0: Working on network 139.
0: Working on network 114.
0: Working on network 115.
0: Working on network 126.
0: Working on network 127.
0: Working on network 142.
0: Working on network 143.
0: Working on network 110.
0: Working on network 111.
0: Working on network 128.
0: Working on network 129.
0: Working on network 144.
0: Working on network 145.
0: Working on network 104.
0: Working on network 105.
0: Working on network 124.
0: Working on network 125.
0: Working on network 140.
0: Working on network 141.
0: Working on network 100.
0: Working on network 101.
0: Working on network 130.
0: Working on network 131.
0: Working on network 146.
0: Working on network 147.
0: Working on network 102.
0: Working on network 103.
0: Working on network 116.
0: Working on network 117.
0: Working on network 134.
0: Working on network 135.
0: Working on network 148.
0: Working on network 149.
0: Finished: 12:24:55
0: slurmstepd: error: *** STEP 1603589.1 ON node094 CANCELLED AT 2023-04-19T14:59:04 DUE TO TIME LIMIT ***
0: slurmstepd: error: *** STEP 1603589.2 ON node095 CANCELLED AT 2023-04-19T14:59:04 DUE TO TIME LIMIT ***
0: Working on network 2.
0: Working on network 3.
0: Working on network 16.
0: Working on network 17.
0: Working on network 36.
0: Working on network 37.
0: Working on network 0.
0: Working on network 1.
0: Working on network 26.
0: Working on network 27.
0: Working on network 38.
0: Working on network 39.
0: Working on network 10.
0: Working on network 11.
0: Working on network 18.
0: Working on network 19.
0: Working on network 32.
0: Working on network 33.
0: Working on network 4.
0: Working on network 5.
0: Working on network 30.
0: Working on network 31.
0: Working on network 40.
0: Working on network 41.
0: Working on network 8.
0: Working on network 9.
0: Working on network 22.
0: Working on network 23.
0: Working on network 42.
0: Working on network 43.
0: Working on network 14.
0: Working on network 15.
0: Working on network 28.
0: Working on network 29.
0: Working on network 44.
0: Working on network 45.
0: Working on network 6.
0: Working on network 7.
0: Working on network 20.
0: Working on network 21.
0: Working on network 46.
0: Working on network 47.
srun: error: node094: task 0: Terminated
srun: Force Terminated StepId=1603589.1
srun: error: node095: task 0: Terminated
srun: Force Terminated StepId=1603589.2
