Starting: 10:43:58
Starting: 10:43:58
Starting: 10:43:58
Starting: 10:43:58
Starting: 10:43:58
Starting: 10:43:58
Starting: 10:43:58
Starting: 10:43:58
Starting: 10:43:58
Starting: 10:43:59
slurmstepd: error: *** STEP 2262201.7 ON node144 CANCELLED AT 2023-11-11T10:44:12 DUE TO TIME LIMIT ***
Working on network 354.
Working on network 355.
Working on network 378.
Working on network 379.
Working on network 362.
Working on network 363.
Working on network 388.
Working on network 389.
Working on network 364.
Working on network 365.
Working on network 376.
Working on network 377.
Working on network 390.
Working on network 391.
Working on network 358.
Working on network 359.
Working on network 398.
Working on network 399.
slurmstepd: error: *** STEP 2262201.4 ON node141 CANCELLED AT 2023-11-11T10:44:12 DUE TO TIME LIMIT ***
slurmstepd: error: *** STEP 2262201.5 ON node142 CANCELLED AT 2023-11-11T10:44:12 DUE TO TIME LIMIT ***
slurmstepd: error: *** STEP 2262201.1 ON node138 CANCELLED AT 2023-11-11T10:44:12 DUE TO TIME LIMIT ***
slurmstepd: error: *** STEP 2262201.6 ON node143 CANCELLED AT 2023-11-11T10:44:12 DUE TO TIME LIMIT ***
slurmstepd: error: *** STEP 2262201.0 ON node137 CANCELLED AT 2023-11-11T10:44:12 DUE TO TIME LIMIT ***
slurmstepd: error: *** STEP 2262201.8 ON node145 CANCELLED AT 2023-11-11T10:44:12 DUE TO TIME LIMIT ***
slurmstepd: error: *** STEP 2262201.2 ON node139 CANCELLED AT 2023-11-11T10:44:12 DUE TO TIME LIMIT ***
slurmstepd: error: *** STEP 2262201.9 ON node146 CANCELLED AT 2023-11-11T10:44:12 DUE TO TIME LIMIT ***
slurmstepd: error: *** STEP 2262201.3 ON node140 CANCELLED AT 2023-11-11T10:44:12 DUE TO TIME LIMIT ***
srun: error: node144: task 0: Terminated
srun: Force Terminated StepId=2262201.7
srun: error: node142: task 0: Terminated
srun: Force Terminated StepId=2262201.5
srun: error: node143: task 0: Terminated
srun: error: node139: task 0: Terminated
srun: Force Terminated StepId=2262201.2
srun: Force Terminated StepId=2262201.6
srun: error: node141: task 0: Terminated
srun: Force Terminated StepId=2262201.4
srun: error: node146: task 0: Terminated
srun: Force Terminated StepId=2262201.9
srun: error: node137: task 0: Terminated
srun: error: node145: task 0: Terminated
srun: Force Terminated StepId=2262201.0
srun: Force Terminated StepId=2262201.8
srun: error: node138: task 0: Terminated
srun: Force Terminated StepId=2262201.1
srun: error: node140: task 0: Terminated
srun: Force Terminated StepId=2262201.3
